[debug] [2020-11-15T16:34:30.635Z] ----------------------------------------------------------------------
[debug] [2020-11-15T16:34:30.636Z] Command:       C:\Program Files\nodejs\node.exe C:\Users\peteri02\AppData\Roaming\npm\node_modules\firebase-tools\lib\bin\firebase.js init
[debug] [2020-11-15T16:34:30.637Z] CLI Version:   8.16.2
[debug] [2020-11-15T16:34:30.637Z] Platform:      win32
[debug] [2020-11-15T16:34:30.637Z] Node Version:  v10.14.2
[debug] [2020-11-15T16:34:30.638Z] Time:          Sun Nov 15 2020 11:34:30 GMT-0500 (Eastern Standard Time)
[debug] [2020-11-15T16:34:30.638Z] ----------------------------------------------------------------------
[debug] [2020-11-15T16:34:30.638Z] 
[debug] [2020-11-15T16:34:30.643Z] > command requires scopes: ["email","openid","https://www.googleapis.com/auth/cloudplatformprojects.readonly","https://www.googleapis.com/auth/firebase","https://www.googleapis.com/auth/cloud-platform"]
[debug] [2020-11-15T16:34:30.643Z] > authorizing via signed-in user
[info] 
     ######## #### ########  ######## ########     ###     ######  ########
     ##        ##  ##     ## ##       ##     ##  ##   ##  ##       ##
     ######    ##  ########  ######   ########  #########  ######  ######
     ##        ##  ##    ##  ##       ##     ## ##     ##       ## ##
     ##       #### ##     ## ######## ########  ##     ##  ######  ########

You're about to initialize a Firebase project in this directory:

  C:\Users\peteri02\Desktop\react-bday\my-app

[info] 
=== Project Setup
[info] 
[info] First, let's associate this project directory with a Firebase project.
[info] You can create multiple project aliases by running firebase use --add, 
[info] but for now we'll just set up a default project.
[info] 
[info] i  If you want to create a project in a Google Cloud organization or folder, please use "firebase projects:create" instead, and return to this command when you've created the project. 
[debug] [2020-11-15T16:36:11.817Z] ----------------------------------------------------------------------
[debug] [2020-11-15T16:36:11.819Z] Command:       C:\Program Files\nodejs\node.exe C:\Users\peteri02\AppData\Roaming\npm\node_modules\firebase-tools\lib\bin\firebase.js init
[debug] [2020-11-15T16:36:11.819Z] CLI Version:   8.16.2
[debug] [2020-11-15T16:36:11.819Z] Platform:      win32
[debug] [2020-11-15T16:36:11.819Z] Node Version:  v10.14.2
[debug] [2020-11-15T16:36:11.820Z] Time:          Sun Nov 15 2020 11:36:11 GMT-0500 (Eastern Standard Time)
[debug] [2020-11-15T16:36:11.820Z] ----------------------------------------------------------------------
[debug] [2020-11-15T16:36:11.820Z] 
[debug] [2020-11-15T16:36:11.825Z] > command requires scopes: ["email","openid","https://www.googleapis.com/auth/cloudplatformprojects.readonly","https://www.googleapis.com/auth/firebase","https://www.googleapis.com/auth/cloud-platform"]
[debug] [2020-11-15T16:36:11.826Z] > authorizing via signed-in user
[info] 
     ######## #### ########  ######## ########     ###     ######  ########
     ##        ##  ##     ## ##       ##     ##  ##   ##  ##       ##
     ######    ##  ########  ######   ########  #########  ######  ######
     ##        ##  ##    ##  ##       ##     ## ##     ##       ## ##
     ##       #### ##     ## ######## ########  ##     ##  ######  ########

You're about to initialize a Firebase project in this directory:

  C:\Users\peteri02\Desktop\react-bday\my-app

[info] 
=== Project Setup
[info] 
[info] First, let's associate this project directory with a Firebase project.
[info] You can create multiple project aliases by running firebase use --add, 
[info] but for now we'll just set up a default project.
[info] 
[debug] [2020-11-15T16:36:31.037Z] ----------------------------------------------------------------------
[debug] [2020-11-15T16:36:31.038Z] Command:       C:\Program Files\nodejs\node.exe C:\Users\peteri02\AppData\Roaming\npm\node_modules\firebase-tools\lib\bin\firebase.js init
[debug] [2020-11-15T16:36:31.039Z] CLI Version:   8.16.2
[debug] [2020-11-15T16:36:31.039Z] Platform:      win32
[debug] [2020-11-15T16:36:31.039Z] Node Version:  v10.14.2
[debug] [2020-11-15T16:36:31.040Z] Time:          Sun Nov 15 2020 11:36:31 GMT-0500 (Eastern Standard Time)
[debug] [2020-11-15T16:36:31.040Z] ----------------------------------------------------------------------
[debug] [2020-11-15T16:36:31.040Z] 
[debug] [2020-11-15T16:36:31.045Z] > command requires scopes: ["email","openid","https://www.googleapis.com/auth/cloudplatformprojects.readonly","https://www.googleapis.com/auth/firebase","https://www.googleapis.com/auth/cloud-platform"]
[debug] [2020-11-15T16:36:31.046Z] > authorizing via signed-in user
[info] 
     ######## #### ########  ######## ########     ###     ######  ########
     ##        ##  ##     ## ##       ##     ##  ##   ##  ##       ##
     ######    ##  ########  ######   ########  #########  ######  ######
     ##        ##  ##    ##  ##       ##     ## ##     ##       ## ##
     ##       #### ##     ## ######## ########  ##     ##  ######  ########

You're about to initialize a Firebase project in this directory:

  C:\Users\peteri02\Desktop\react-bday\my-app

[info] 
=== Project Setup
[info] 
[info] First, let's associate this project directory with a Firebase project.
[info] You can create multiple project aliases by running firebase use --add, 
[info] but for now we'll just set up a default project.
[info] 
[debug] [2020-11-15T16:37:45.104Z] ----------------------------------------------------------------------
[debug] [2020-11-15T16:37:45.106Z] Command:       C:\Program Files\nodejs\node.exe C:\Users\peteri02\AppData\Roaming\npm\node_modules\firebase-tools\lib\bin\firebase.js init
[debug] [2020-11-15T16:37:45.106Z] CLI Version:   8.16.2
[debug] [2020-11-15T16:37:45.106Z] Platform:      win32
[debug] [2020-11-15T16:37:45.106Z] Node Version:  v10.14.2
[debug] [2020-11-15T16:37:45.107Z] Time:          Sun Nov 15 2020 11:37:45 GMT-0500 (Eastern Standard Time)
[debug] [2020-11-15T16:37:45.107Z] ----------------------------------------------------------------------
[debug] [2020-11-15T16:37:45.107Z] 
[debug] [2020-11-15T16:37:45.113Z] > command requires scopes: ["email","openid","https://www.googleapis.com/auth/cloudplatformprojects.readonly","https://www.googleapis.com/auth/firebase","https://www.googleapis.com/auth/cloud-platform"]
[debug] [2020-11-15T16:37:45.113Z] > authorizing via signed-in user
[info] 
     ######## #### ########  ######## ########     ###     ######  ########
     ##        ##  ##     ## ##       ##     ##  ##   ##  ##       ##
     ######    ##  ########  ######   ########  #########  ######  ######
     ##        ##  ##    ##  ##       ##     ## ##     ##       ## ##
     ##       #### ##     ## ######## ########  ##     ##  ######  ########

You're about to initialize a Firebase project in this directory:

  C:\Users\peteri02\Desktop\react-bday\my-app

[info] 
=== Project Setup
[info] 
[info] First, let's associate this project directory with a Firebase project.
[info] You can create multiple project aliases by running firebase use --add, 
[info] but for now we'll just set up a default project.
[info] 
[info] 
=== Hosting Setup
[info] 
[info] Your public directory is the folder (relative to your project directory) that
[info] will contain Hosting assets to be uploaded with firebase deploy. If you
[info] have a build process for your assets, use your build's output directory.
[info] 
[debug] [2020-11-15T16:38:41.292Z] >>> HTTP REQUEST GET https://www.gstatic.com/firebasejs/releases.json  
 
[debug] [2020-11-15T16:38:41.413Z] <<< HTTP RESPONSE 200 {"accept-ranges":"bytes","vary":"Accept-Encoding, Origin","content-type":"application/json","cross-origin-resource-policy":"cross-origin","content-length":"1411","date":"Sun, 15 Nov 2020 16:42:47 GMT","expires":"Sun, 15 Nov 2020 17:32:47 GMT","cache-control":"public, max-age=3000","last-modified":"Fri, 13 Nov 2020 00:33:17 GMT","x-content-type-options":"nosniff","server":"sffe","x-xss-protection":"0","alt-svc":"h3-Q050=\":443\"; ma=2592000,h3-29=\":443\"; ma=2592000,h3-T051=\":443\"; ma=2592000,h3-Q046=\":443\"; ma=2592000,h3-Q043=\":443\"; ma=2592000,quic=\":443\"; ma=2592000; v=\"46,43\""}
[info] +  Wrote build/index.html 
[info] 
[info] i  Detected a .git folder at C:\Users\peteri02\Desktop\react-bday\my-app 
[info] i  Authorizing with GitHub to upload your service account to a GitHub repository's secrets store. 
[info] 
[info] Visit this URL on this device to log in:
[info] https://github.com/login/oauth/authorize?client_id=89cf50f02ac6aaed3484&state=548802870&redirect_uri=http%3A%2F%2Flocalhost%3A9005&scope=read%3Auser%20repo%20public_repo
[info] 
[info] Waiting for authentication...
[debug] [2020-11-15T16:39:37.779Z] >>> HTTP REQUEST POST https://github.com/login/oauth/access_token  
 {"client_id":"89cf50f02ac6aaed3484","client_secret":"3330d14abc895d9a74d5f17cd7a00711fa2c5bf0","code":"c53d17a150cf3a024c77","redirect_uri":"http://localhost:9005","state":"548802870"}
[debug] [2020-11-15T16:39:37.905Z] <<< HTTP RESPONSE 200 {"server":"GitHub.com","date":"Sun, 15 Nov 2020 16:43:43 GMT","content-type":"application/json; charset=utf-8","transfer-encoding":"chunked","status":"200 OK","vary":"X-PJAX, Accept-Encoding, Accept, X-Requested-With","etag":"W/\"4e0119c23f22da3df9560bdce71d1e76\"","cache-control":"max-age=0, private, must-revalidate","strict-transport-security":"max-age=31536000; includeSubdomains; preload","x-frame-options":"deny","x-content-type-options":"nosniff","x-xss-protection":"1; mode=block","referrer-policy":"origin-when-cross-origin, strict-origin-when-cross-origin","expect-ct":"max-age=2592000, report-uri=\"https://api.github.com/_private/browser/errors\"","content-security-policy":"default-src 'none'; base-uri 'self'; block-all-mixed-content; connect-src 'self' uploads.github.com www.githubstatus.com collector.githubapp.com api.github.com github-cloud.s3.amazonaws.com github-production-repository-file-5c1aeb.s3.amazonaws.com github-production-upload-manifest-file-7fdce7.s3.amazonaws.com github-production-user-asset-6210df.s3.amazonaws.com cdn.optimizely.com logx.optimizely.com/v1/events wss://alive.github.com; font-src github.githubassets.com; form-action 'self' github.com gist.github.com; frame-ancestors 'none'; frame-src render.githubusercontent.com; img-src 'self' data: github.githubassets.com identicons.github.com collector.githubapp.com github-cloud.s3.amazonaws.com *.githubusercontent.com; manifest-src 'self'; media-src 'none'; script-src github.githubassets.com; style-src 'unsafe-inline' github.githubassets.com; worker-src github.com/socket-worker.js gist.github.com/socket-worker.js","x-github-request-id":"F60A:11C8:1B6A8B5:2659AA9:5FB15ABF"}
[debug] [2020-11-15T16:39:37.906Z] >>> HTTP REQUEST GET https://api.github.com/user  
 
[debug] [2020-11-15T16:39:38.055Z] <<< HTTP RESPONSE 200 {"server":"GitHub.com","date":"Sun, 15 Nov 2020 16:43:43 GMT","content-type":"application/json; charset=utf-8","content-length":"1587","status":"200 OK","cache-control":"private, max-age=60, s-maxage=60","vary":"Accept, Authorization, Cookie, X-GitHub-OTP, Accept-Encoding, Accept, X-Requested-With","etag":"\"68d168726804d7c2719af1799e6e8f62321fc3033ac970920fbe3c1057c364c6\"","last-modified":"Sun, 15 Nov 2020 16:43:36 GMT","x-oauth-scopes":"read:user, repo","x-accepted-oauth-scopes":"","x-oauth-client-id":"89cf50f02ac6aaed3484","x-github-media-type":"github.v3","x-ratelimit-limit":"5000","x-ratelimit-remaining":"4999","x-ratelimit-reset":"1605462223","x-ratelimit-used":"1","access-control-expose-headers":"ETag, Link, Location, Retry-After, X-GitHub-OTP, X-RateLimit-Limit, X-RateLimit-Remaining, X-RateLimit-Used, X-RateLimit-Reset, X-OAuth-Scopes, X-Accepted-OAuth-Scopes, X-Poll-Interval, X-GitHub-Media-Type, Deprecation, Sunset","access-control-allow-origin":"*","strict-transport-security":"max-age=31536000; includeSubdomains; preload","x-frame-options":"deny","x-content-type-options":"nosniff","x-xss-protection":"1; mode=block","referrer-policy":"origin-when-cross-origin, strict-origin-when-cross-origin","content-security-policy":"default-src 'none'","x-github-request-id":"F60C:41A6:1C759CA:2F4EFE9:5FB15ABF"}
[info] 
[info] +  Success! Logged into GitHub as curveballdaniel 
[info] 
